--------------------------------------------------------------------------------
Release 14.7 Trace  (lin)
Copyright (c) 1995-2013 Xilinx, Inc.  All rights reserved.

/Software/xilinx/14.7_2013.3/14.7/ISE_DS/ISE/bin/lin/unwrapped/trce -intstyle
ise -v 3 -s 4 -n 3 -fastpaths -xml led_ent.twx led_ent.ncd -o led_ent.twr
led_ent.pcf -ucf led_pins.ucf

Design file:              led_ent.ncd
Physical constraint file: led_ent.pcf
Device,package,speed:     xc3sd1800a,fg676,-4 (PRODUCTION 1.34 2013-10-13)
Report level:             verbose report

Environment Variable      Effect 
--------------------      ------ 
NONE                      No environment variables were set
--------------------------------------------------------------------------------

INFO:Timing:2698 - No timing constraints found, doing default enumeration.
INFO:Timing:3412 - To improve timing, see the Timing Closure User Guide (UG612).
INFO:Timing:2752 - To get complete path coverage, use the unconstrained paths 
   option. All paths that are not constrained will be reported in the 
   unconstrained paths section(s) of the report.
INFO:Timing:3339 - The clock-to-out numbers in this timing report are based on 
   a 50 Ohm transmission line loading model.  For the details of this model, 
   and for more information on accounting for different loading conditions, 
   please see the device datasheet.
INFO:Timing:3390 - This architecture does not support a default System Jitter 
   value, please add SYSTEM_JITTER constraint to the UCF to modify the Clock 
   Uncertainty calculation.
INFO:Timing:3389 - This architecture does not support 'Discrete Jitter' and 
   'Phase Error' calculations, these terms will be zero in the Clock 
   Uncertainty calculation.  Please make appropriate modification to 
   SYSTEM_JITTER to account for the unsupported Discrete Jitter and Phase 
   Error.



Data Sheet report:
-----------------
All values displayed in nanoseconds (ns)

Clock to Setup on destination clock in_led
---------------+---------+---------+---------+---------+
               | Src:Rise| Src:Fall| Src:Rise| Src:Fall|
Source Clock   |Dest:Rise|Dest:Rise|Dest:Fall|Dest:Fall|
---------------+---------+---------+---------+---------+
in_led         |    5.512|         |         |         |
---------------+---------+---------+---------+---------+


Analysis completed Mon Nov  6 14:45:06 2017 
--------------------------------------------------------------------------------

Trace Settings:
-------------------------
Trace Settings 

Peak Memory Usage: 170 MB



