--------------------------------------------------------------------------------
Release 14.7 Trace  (lin)
Copyright (c) 1995-2013 Xilinx, Inc.  All rights reserved.

/Software/xilinx/14.7_2013.3/14.7/ISE_DS/ISE/bin/lin/unwrapped/trce -intstyle
ise -v 3 -s 4 -n 3 -fastpaths -xml VGA_ent.twx VGA_ent.ncd -o VGA_ent.twr
VGA_ent.pcf -ucf VGA_pins.ucf

Design file:              VGA_ent.ncd
Physical constraint file: VGA_ent.pcf
Device,package,speed:     xc3sd1800a,fg676,-4 (PRODUCTION 1.34 2013-10-13)
Report level:             verbose report

Environment Variable      Effect 
--------------------      ------ 
NONE                      No environment variables were set
--------------------------------------------------------------------------------

INFO:Timing:2698 - No timing constraints found, doing default enumeration.
INFO:Timing:3412 - To improve timing, see the Timing Closure User Guide (UG612).
INFO:Timing:2752 - To get complete path coverage, use the unconstrained paths 
   option. All paths that are not constrained will be reported in the 
   unconstrained paths section(s) of the report.
INFO:Timing:3339 - The clock-to-out numbers in this timing report are based on 
   a 50 Ohm transmission line loading model.  For the details of this model, 
   and for more information on accounting for different loading conditions, 
   please see the device datasheet.
INFO:Timing:3390 - This architecture does not support a default System Jitter 
   value, please add SYSTEM_JITTER constraint to the UCF to modify the Clock 
   Uncertainty calculation.
INFO:Timing:3389 - This architecture does not support 'Discrete Jitter' and 
   'Phase Error' calculations, these terms will be zero in the Clock 
   Uncertainty calculation.  Please make appropriate modification to 
   SYSTEM_JITTER to account for the unsupported Discrete Jitter and Phase 
   Error.



Data Sheet report:
-----------------
All values displayed in nanoseconds (ns)

Setup/Hold to clock clk
------------+------------+------------+------------------+--------+
            |Max Setup to|Max Hold to |                  | Clock  |
Source      | clk (edge) | clk (edge) |Internal Clock(s) | Phase  |
------------+------------+------------+------------------+--------+
rst         |    5.633(R)|   -0.891(R)|clk_BUFGP         |   0.000|
vga_down    |    8.104(R)|   -1.426(R)|clk_BUFGP         |   0.000|
vga_left    |    8.694(R)|   -1.905(R)|clk_BUFGP         |   0.000|
vga_right   |    9.227(R)|   -2.727(R)|clk_BUFGP         |   0.000|
vga_up      |    6.550(R)|   -0.636(R)|clk_BUFGP         |   0.000|
------------+------------+------------+------------------+--------+

Clock clk to Pad
------------+------------+------------------+--------+
            | clk (edge) |                  | Clock  |
Destination |   to PAD   |Internal Clock(s) | Phase  |
------------+------------+------------------+--------+
hsync       |   10.385(R)|clk_BUFGP         |   0.000|
red_0       |   21.361(R)|clk_BUFGP         |   0.000|
red_1       |   21.100(R)|clk_BUFGP         |   0.000|
red_2       |   21.369(R)|clk_BUFGP         |   0.000|
red_3       |   21.369(R)|clk_BUFGP         |   0.000|
------------+------------+------------------+--------+

Clock to Setup on destination clock clk
---------------+---------+---------+---------+---------+
               | Src:Rise| Src:Fall| Src:Rise| Src:Fall|
Source Clock   |Dest:Rise|Dest:Rise|Dest:Fall|Dest:Fall|
---------------+---------+---------+---------+---------+
clk            |    7.177|         |         |         |
---------------+---------+---------+---------+---------+


Analysis completed Thu Nov 23 13:06:52 2017 
--------------------------------------------------------------------------------

Trace Settings:
-------------------------
Trace Settings 

Peak Memory Usage: 171 MB



